<?xml version="1.0" encoding="UTF-8"?>
<!-- Generated by org.testng.reporters.JUnitXMLReporter -->
<testsuite hostname="DESKTOP-OEPF5B3" ignored="2" name="Default test(failed)" tests="1" failures="0" timestamp="27 Aug 2019 07:06:19 GMT" time="0.078" errors="0">
  <testcase name="test2" time="0.024" classname="com.te.qa.dcs.listeners.Retry"/>
  <testcase name="test3" time="0.0" classname="com.te.qa.dcs.listeners.Retry">
    <ignored/>
  </testcase> <!-- test3 -->
  <testcase name="test1" time="0.0" classname="com.te.qa.dcs.listeners.Retry">
    <ignored/>
  </testcase> <!-- test1 -->
</testsuite> <!-- Default test(failed) -->
