<?xml version="1.0" encoding="UTF-8"?>
<!-- Generated by org.testng.reporters.JUnitXMLReporter -->
<testsuite hostname="C4HSZY2" ignored="0" name="Default test" tests="2" failures="0" timestamp="12 Dec 2019 09:25:29 GMT" time="7.483" errors="0">
  <testcase name="Launch" time="5.109" classname="com.cai.qa.bg.testScripts.BGG.VerifySearchFunctionality"/>
  <testcase name="verifySearch" time="1.32" classname="com.cai.qa.bg.testScripts.BGG.VerifySearchFunctionality"/>
</testsuite> <!-- Default test -->
