<?xml version="1.0" encoding="UTF-8"?>
<!-- Generated by org.testng.reporters.JUnitXMLReporter -->
<testsuite hostname="C4HSZY2" ignored="0" name="BGG_Stage1" tests="5" failures="0" timestamp="12 Dec 2019 09:47:25 GMT" time="50.604" errors="0">
  <testcase name="Launch" time="5.471" classname="com.cai.qa.bg.testScripts.BGG.CreateBGGetawayPackage_Hotel"/>
  <testcase name="SelectDestination" time="7.185" classname="com.cai.qa.bg.testScripts.BGG.CreateBGGetawayPackage_Hotel"/>
  <testcase name="CheckAvailability" time="8.063" classname="com.cai.qa.bg.testScripts.BGG.CreateBGGetawayPackage_Hotel"/>
  <testcase name="ConfirmAvailability" time="4.686" classname="com.cai.qa.bg.testScripts.BGG.CreateBGGetawayPackage_Hotel"/>
  <testcase name="EnterPersonalInformationnBookPackage" time="24.65" classname="com.cai.qa.bg.testScripts.BGG.CreateBGGetawayPackage_Hotel"/>
</testsuite> <!-- BGG_Stage1 -->
