<?xml version="1.0" encoding="UTF-8"?>
<!-- Generated by org.testng.reporters.JUnitXMLReporter -->
<testsuite hostname="C4HSZY2" ignored="0" name="BGG_Stage2" tests="2" failures="0" timestamp="12 Dec 2019 09:47:29 GMT" time="3.705" errors="0">
  <testcase name="Launch" time="1.931" classname="com.cai.qa.bg.testScripts.BGG.VerifySearchFunctionality"/>
  <testcase name="verifySearch" time="1.724" classname="com.cai.qa.bg.testScripts.BGG.VerifySearchFunctionality"/>
</testsuite> <!-- BGG_Stage2 -->
