<?xml version="1.0" encoding="UTF-8"?>
<!-- Generated by org.testng.reporters.JUnitXMLReporter -->
<testsuite hostname="C4HSZY2" ignored="10" name="BGG_Stage" tests="6" failures="0" timestamp="12 Dec 2019 09:14:52 GMT" time="12.716" errors="0">
  <testcase name="Launch" time="5.045" classname="com.cai.qa.bg.testScripts.BGG.CreateBGGetawayPackage_Hotel"/>
  <testcase name="Launch" time="1.493" classname="com.cai.qa.bg.testScripts.BGG.CreateBGGetawayPackage_Resort"/>
  <testcase name="Launch" time="1.348" classname="com.cai.qa.bg.testScripts.BGG.VerifyFooterLinks"/>
  <testcase name="Launch" time="1.559" classname="com.cai.qa.bg.testScripts.BGG.VerifyHeaderLinks"/>
  <testcase name="Launch" time="1.583" classname="com.cai.qa.bg.testScripts.BGG.VerifySearchFunctionality"/>
  <testcase name="Launch" time="1.564" classname="com.cai.qa.bg.testScripts.BGG.VerifyYoutubeVideoAndTabsAssociated"/>
  <testcase name="@BeforeTest beforeTest" time="0.0" classname="com.cai.qa.bg.testBase.BaseTest">
    <ignored/>
  </testcase> <!-- @BeforeTest beforeTest -->
  <testcase name="@BeforeTest beforeTest" time="0.0" classname="com.cai.qa.bg.testBase.BaseTest">
    <ignored/>
  </testcase> <!-- @BeforeTest beforeTest -->
  <testcase name="@BeforeTest beforeTest" time="0.0" classname="com.cai.qa.bg.testBase.BaseTest">
    <ignored/>
  </testcase> <!-- @BeforeTest beforeTest -->
  <testcase name="@BeforeTest beforeTest" time="0.0" classname="com.cai.qa.bg.testBase.BaseTest">
    <ignored/>
  </testcase> <!-- @BeforeTest beforeTest -->
  <testcase name="@BeforeTest beforeTest" time="0.0" classname="com.cai.qa.bg.testBase.BaseTest">
    <ignored/>
  </testcase> <!-- @BeforeTest beforeTest -->
  <testcase name="@BeforeSuite beforeSuite" time="0.0" classname="com.cai.qa.bg.testBase.BaseTest">
    <ignored/>
  </testcase> <!-- @BeforeSuite beforeSuite -->
  <testcase name="@BeforeSuite beforeSuite" time="0.0" classname="com.cai.qa.bg.testBase.BaseTest">
    <ignored/>
  </testcase> <!-- @BeforeSuite beforeSuite -->
  <testcase name="@BeforeSuite beforeSuite" time="0.0" classname="com.cai.qa.bg.testBase.BaseTest">
    <ignored/>
  </testcase> <!-- @BeforeSuite beforeSuite -->
  <testcase name="@BeforeSuite beforeSuite" time="0.0" classname="com.cai.qa.bg.testBase.BaseTest">
    <ignored/>
  </testcase> <!-- @BeforeSuite beforeSuite -->
  <testcase name="@BeforeSuite beforeSuite" time="0.0" classname="com.cai.qa.bg.testBase.BaseTest">
    <ignored/>
  </testcase> <!-- @BeforeSuite beforeSuite -->
</testsuite> <!-- BGG_Stage -->
