<?xml version="1.0" encoding="UTF-8"?>
<!-- Generated by org.testng.reporters.JUnitXMLReporter -->
<testsuite hostname="C4HSZY2" ignored="15" name="BGG_Stage" tests="6" failures="6" timestamp="12 Dec 2019 07:27:39 GMT" time="11.775" errors="0">
  <testcase name="Launch" time="7.638" classname="com.cai.qa.bg.testScripts.BGG.CreateBGGetawayPackage_Hotel">
    <failure type="java.lang.AssertionError" message="expected [Bluegreen Getaways | Vacation Packages] but found [Maintenance | Bluegreen Vacations]">
      <![CDATA[java.lang.AssertionError: expected [Bluegreen Getaways | Vacation Packages] but found [Maintenance | Bluegreen Vacations]at com.cai.qa.bg.testScripts.BGG.CreateBGGetawayPackage_Hotel.Launch(CreateBGGetawayPackage_Hotel.java:47)... Removed 31 stack frames]]>
    </failure>
  </testcase> <!-- Launch -->
  <testcase name="Launch" time="0.68" classname="com.cai.qa.bg.testScripts.BGG.CreateBGGetawayPackage_Resort">
    <failure type="java.lang.AssertionError" message="expected [Bluegreen Getaways | Vacation Packages] but found [Maintenance | Bluegreen Vacations]">
      <![CDATA[java.lang.AssertionError: expected [Bluegreen Getaways | Vacation Packages] but found [Maintenance | Bluegreen Vacations]at com.cai.qa.bg.testScripts.BGG.CreateBGGetawayPackage_Resort.Launch(CreateBGGetawayPackage_Resort.java:36)... Removed 31 stack frames]]>
    </failure>
  </testcase> <!-- Launch -->
  <testcase name="Launch" time="0.742" classname="com.cai.qa.bg.testScripts.BGG.VerifyFooterLinks">
    <failure type="java.lang.AssertionError" message="expected [Bluegreen Getaways | Vacation Packages] but found [Maintenance | Bluegreen Vacations]">
      <![CDATA[java.lang.AssertionError: expected [Bluegreen Getaways | Vacation Packages] but found [Maintenance | Bluegreen Vacations]at com.cai.qa.bg.testScripts.BGG.VerifyFooterLinks.Launch(VerifyFooterLinks.java:23)... Removed 31 stack frames]]>
    </failure>
  </testcase> <!-- Launch -->
  <testcase name="Launch" time="0.638" classname="com.cai.qa.bg.testScripts.BGG.VerifyHeaderLinks">
    <failure type="java.lang.AssertionError" message="expected [Bluegreen Getaways | Vacation Packages] but found [Maintenance | Bluegreen Vacations]">
      <![CDATA[java.lang.AssertionError: expected [Bluegreen Getaways | Vacation Packages] but found [Maintenance | Bluegreen Vacations]at com.cai.qa.bg.testScripts.BGG.VerifyHeaderLinks.Launch(VerifyHeaderLinks.java:31)... Removed 31 stack frames]]>
    </failure>
  </testcase> <!-- Launch -->
  <testcase name="Launch" time="0.666" classname="com.cai.qa.bg.testScripts.BGG.VerifySearchFunctionality">
    <failure type="java.lang.AssertionError" message="expected [Bluegreen Getaways | Vacation Packages] but found [Maintenance | Bluegreen Vacations]">
      <![CDATA[java.lang.AssertionError: expected [Bluegreen Getaways | Vacation Packages] but found [Maintenance | Bluegreen Vacations]at com.cai.qa.bg.testScripts.BGG.VerifySearchFunctionality.Launch(VerifySearchFunctionality.java:23)... Removed 31 stack frames]]>
    </failure>
  </testcase> <!-- Launch -->
  <testcase name="Launch" time="0.643" classname="com.cai.qa.bg.testScripts.BGG.VerifyYoutubeVideoAndTabsAssociated">
    <failure type="java.lang.AssertionError" message="expected [Bluegreen Getaways | Vacation Packages] but found [Maintenance | Bluegreen Vacations]">
      <![CDATA[java.lang.AssertionError: expected [Bluegreen Getaways | Vacation Packages] but found [Maintenance | Bluegreen Vacations]at com.cai.qa.bg.testScripts.BGG.VerifyYoutubeVideoAndTabsAssociated.Launch(VerifyYoutubeVideoAndTabsAssociated.java:32)... Removed 31 stack frames]]>
    </failure>
  </testcase> <!-- Launch -->
  <testcase name="@BeforeSuite beforeSuite" time="0.0" classname="com.cai.qa.bg.testBase.BaseTest">
    <ignored/>
  </testcase> <!-- @BeforeSuite beforeSuite -->
  <testcase name="@BeforeSuite beforeSuite" time="0.0" classname="com.cai.qa.bg.testBase.BaseTest">
    <ignored/>
  </testcase> <!-- @BeforeSuite beforeSuite -->
  <testcase name="@BeforeSuite beforeSuite" time="0.0" classname="com.cai.qa.bg.testBase.BaseTest">
    <ignored/>
  </testcase> <!-- @BeforeSuite beforeSuite -->
  <testcase name="@BeforeSuite beforeSuite" time="0.0" classname="com.cai.qa.bg.testBase.BaseTest">
    <ignored/>
  </testcase> <!-- @BeforeSuite beforeSuite -->
  <testcase name="@BeforeSuite beforeSuite" time="0.0" classname="com.cai.qa.bg.testBase.BaseTest">
    <ignored/>
  </testcase> <!-- @BeforeSuite beforeSuite -->
  <testcase name="@AfterTest afterTest" time="0.0" classname="com.cai.qa.bg.testBase.BaseTest">
    <ignored/>
  </testcase> <!-- @AfterTest afterTest -->
  <testcase name="@AfterTest afterTest" time="0.0" classname="com.cai.qa.bg.testBase.BaseTest">
    <ignored/>
  </testcase> <!-- @AfterTest afterTest -->
  <testcase name="@AfterTest afterTest" time="0.0" classname="com.cai.qa.bg.testBase.BaseTest">
    <ignored/>
  </testcase> <!-- @AfterTest afterTest -->
  <testcase name="@AfterTest afterTest" time="0.0" classname="com.cai.qa.bg.testBase.BaseTest">
    <ignored/>
  </testcase> <!-- @AfterTest afterTest -->
  <testcase name="@AfterTest afterTest" time="0.0" classname="com.cai.qa.bg.testBase.BaseTest">
    <ignored/>
  </testcase> <!-- @AfterTest afterTest -->
  <testcase name="@BeforeTest beforeTest" time="0.0" classname="com.cai.qa.bg.testBase.BaseTest">
    <ignored/>
  </testcase> <!-- @BeforeTest beforeTest -->
  <testcase name="@BeforeTest beforeTest" time="0.0" classname="com.cai.qa.bg.testBase.BaseTest">
    <ignored/>
  </testcase> <!-- @BeforeTest beforeTest -->
  <testcase name="@BeforeTest beforeTest" time="0.0" classname="com.cai.qa.bg.testBase.BaseTest">
    <ignored/>
  </testcase> <!-- @BeforeTest beforeTest -->
  <testcase name="@BeforeTest beforeTest" time="0.0" classname="com.cai.qa.bg.testBase.BaseTest">
    <ignored/>
  </testcase> <!-- @BeforeTest beforeTest -->
  <testcase name="@BeforeTest beforeTest" time="0.0" classname="com.cai.qa.bg.testBase.BaseTest">
    <ignored/>
  </testcase> <!-- @BeforeTest beforeTest -->
</testsuite> <!-- BGG_Stage -->
