<?xml version="1.0" encoding="UTF-8"?>
<!-- Generated by org.testng.reporters.JUnitXMLReporter -->
<testsuite hostname="C4HSZY2" ignored="0" name="Chrome_CreateBGGetawayPackage" tests="5" failures="5" timestamp="02 Dec 2019 14:30:49 GMT" time="0.67" errors="0">
  <testcase name="Launch" time="0.009" classname="com.cai.qa.bg.testScripts.BGG.CreateBGGetawayPackage">
    <failure type="java.lang.NullPointerException">
      <![CDATA[java.lang.NullPointerExceptionat com.cai.qa.bg.testBase.BaseTest.launchApp(BaseTest.java:143)at com.cai.qa.bg.testScripts.BGG.CreateBGGetawayPackage.Launch(CreateBGGetawayPackage.java:31)... Removed 25 stack frames]]>
    </failure>
  </testcase> <!-- Launch -->
  <testcase name="SelectDestination" time="0.008" classname="com.cai.qa.bg.testScripts.BGG.CreateBGGetawayPackage">
    <failure type="java.lang.NullPointerException">
      <![CDATA[java.lang.NullPointerExceptionat com.google.common.base.Preconditions.checkNotNull(Preconditions.java:882)at org.openqa.selenium.interactions.Actions.<init>(Actions.java:68)at com.cai.qa.bg.testScripts.BGG.CreateBGGetawayPackage.SelectDestination(CreateBGGetawayPackage.java:46)... Removed 25 stack frames]]>
    </failure>
  </testcase> <!-- SelectDestination -->
  <testcase name="CheckAvailability" time="0.001" classname="com.cai.qa.bg.testScripts.BGG.CreateBGGetawayPackage">
    <failure type="java.lang.NullPointerException">
      <![CDATA[java.lang.NullPointerExceptionat org.openqa.selenium.support.pagefactory.DefaultElementLocator.findElement(DefaultElementLocator.java:69)at org.openqa.selenium.support.pagefactory.internal.LocatingElementHandler.invoke(LocatingElementHandler.java:38)at com.sun.proxy.$Proxy17.click(Unknown Source)at com.cai.qa.bg.testScripts.BGG.CreateBGGetawayPackage.CheckAvailability(CreateBGGetawayPackage.java:62)... Removed 25 stack frames]]>
    </failure>
  </testcase> <!-- CheckAvailability -->
  <testcase name="ConfirmAvailability" time="0.001" classname="com.cai.qa.bg.testScripts.BGG.CreateBGGetawayPackage">
    <failure type="java.lang.NullPointerException">
      <![CDATA[java.lang.NullPointerExceptionat org.openqa.selenium.support.pagefactory.DefaultElementLocator.findElement(DefaultElementLocator.java:69)at org.openqa.selenium.support.pagefactory.internal.LocatingElementHandler.invoke(LocatingElementHandler.java:38)at com.sun.proxy.$Proxy17.click(Unknown Source)at com.cai.qa.bg.testScripts.BGG.CreateBGGetawayPackage.ConfirmAvailability(CreateBGGetawayPackage.java:77)... Removed 25 stack frames]]>
    </failure>
  </testcase> <!-- ConfirmAvailability -->
  <testcase name="EnterPersonalInformationnBookPackage" time="0.001" classname="com.cai.qa.bg.testScripts.BGG.CreateBGGetawayPackage">
    <failure type="java.lang.NullPointerException">
      <![CDATA[java.lang.NullPointerExceptionat org.openqa.selenium.support.pagefactory.DefaultElementLocator.findElement(DefaultElementLocator.java:69)at org.openqa.selenium.support.pagefactory.internal.LocatingElementHandler.invoke(LocatingElementHandler.java:38)at com.sun.proxy.$Proxy17.sendKeys(Unknown Source)at com.cai.qa.bg.testScripts.BGG.CreateBGGetawayPackage.EnterPersonalInformationnBookPackage(CreateBGGetawayPackage.java:94)... Removed 25 stack frames]]>
    </failure>
  </testcase> <!-- EnterPersonalInformationnBookPackage -->
</testsuite> <!-- Chrome_CreateBGGetawayPackage -->
