<?xml version="1.0" encoding="UTF-8"?>
<!-- Generated by org.testng.reporters.JUnitXMLReporter -->
<testsuite hostname="C4HSZY2" ignored="0" name="CreateBGGetawayPackage_Resort" tests="5" failures="0" timestamp="12 Dec 2019 10:05:54 GMT" time="72.986" errors="0">
  <testcase name="Launch" time="1.958" classname="com.cai.qa.bg.testScripts.BGG.CreateBGGetawayPackage_Resort"/>
  <testcase name="SelectDestination" time="8.083" classname="com.cai.qa.bg.testScripts.BGG.CreateBGGetawayPackage_Resort"/>
  <testcase name="CheckAvailability" time="23.88" classname="com.cai.qa.bg.testScripts.BGG.CreateBGGetawayPackage_Resort"/>
  <testcase name="ConfirmAvailability" time="4.975" classname="com.cai.qa.bg.testScripts.BGG.CreateBGGetawayPackage_Resort"/>
  <testcase name="EnterPersonalInformationnBookPackage" time="33.997" classname="com.cai.qa.bg.testScripts.BGG.CreateBGGetawayPackage_Resort"/>
</testsuite> <!-- CreateBGGetawayPackage_Resort -->
