<?xml version="1.0" encoding="UTF-8"?>
<!-- Generated by org.testng.reporters.JUnitXMLReporter -->
<testsuite hostname="C4HSZY2" ignored="0" name="CreateBGGetawayPackage_Hotel" tests="5" failures="0" timestamp="12 Dec 2019 10:04:41 GMT" time="52.226" errors="0">
  <testcase name="Launch" time="4.875" classname="com.cai.qa.bg.testScripts.BGG.CreateBGGetawayPackage_Hotel"/>
  <testcase name="SelectDestination" time="7.445" classname="com.cai.qa.bg.testScripts.BGG.CreateBGGetawayPackage_Hotel"/>
  <testcase name="CheckAvailability" time="9.063" classname="com.cai.qa.bg.testScripts.BGG.CreateBGGetawayPackage_Hotel"/>
  <testcase name="ConfirmAvailability" time="4.672" classname="com.cai.qa.bg.testScripts.BGG.CreateBGGetawayPackage_Hotel"/>
  <testcase name="EnterPersonalInformationnBookPackage" time="25.603" classname="com.cai.qa.bg.testScripts.BGG.CreateBGGetawayPackage_Hotel"/>
</testsuite> <!-- CreateBGGetawayPackage_Hotel -->
