<?xml version="1.0" encoding="UTF-8"?>
<!-- Generated by org.testng.reporters.JUnitXMLReporter -->
<testsuite hostname="5B4JG32" ignored="4" name="Test" tests="1" failures="0" timestamp="16 Sep 2019 10:21:27 GMT" time="0.066" errors="0">
  <testcase name="Test3" time="0.017" classname="com.cai.qa.bg.utils.TestNGGroups"/>
  <testcase name="Test2" time="0.0" classname="com.cai.qa.bg.utils.TestNGGroups">
    <ignored/>
  </testcase> <!-- Test2 -->
  <testcase name="Test1" time="0.0" classname="com.cai.qa.bg.utils.TestNGGroups">
    <ignored/>
  </testcase> <!-- Test1 -->
  <testcase name="Test4" time="0.0" classname="com.cai.qa.bg.utils.TestNGGroups">
    <ignored/>
  </testcase> <!-- Test4 -->
  <testcase name="Test5" time="0.0" classname="com.cai.qa.bg.utils.TestNGGroups">
    <ignored/>
  </testcase> <!-- Test5 -->
</testsuite> <!-- Test -->
