<?xml version="1.0" encoding="UTF-8"?>
<!-- Generated by org.testng.reporters.JUnitXMLReporter -->
<testsuite hostname="C4HSZY2" ignored="10" name="Test" tests="7" failures="0" timestamp="12 Dec 2019 09:57:43 GMT" time="21.68" errors="0">
  <testcase name="Launch" time="6.453" classname="com.cai.qa.bg.testScripts.BGG.VerifyHeaderLinks"/>
  <testcase name="Launch" time="2.05" classname="com.cai.qa.bg.testScripts.BGG.CreateBGGetawayPackage_Resort"/>
  <testcase name="Launch" time="1.552" classname="com.cai.qa.bg.testScripts.BGG.VerifyFooterLinks"/>
  <testcase name="Launch" time="1.574" classname="com.cai.qa.bg.testScripts.BGG.VerifySearchFunctionality"/>
  <testcase name="Launch" time="1.982" classname="com.cai.qa.bg.testScripts.BGG.CreateBGGetawayPackage_Hotel"/>
  <testcase name="Launch" time="1.588" classname="com.cai.qa.bg.testScripts.BGG.VerifyYoutubeVideoAndTabsAssociated"/>
  <testcase name="HeaderLinks" time="6.226" classname="com.cai.qa.bg.testScripts.BGG.VerifyHeaderLinks"/>
  <testcase name="@BeforeTest beforeTest" time="0.0" classname="com.cai.qa.bg.testBase.BaseTest">
    <ignored/>
  </testcase> <!-- @BeforeTest beforeTest -->
  <testcase name="@BeforeTest beforeTest" time="0.0" classname="com.cai.qa.bg.testBase.BaseTest">
    <ignored/>
  </testcase> <!-- @BeforeTest beforeTest -->
  <testcase name="@BeforeTest beforeTest" time="0.0" classname="com.cai.qa.bg.testBase.BaseTest">
    <ignored/>
  </testcase> <!-- @BeforeTest beforeTest -->
  <testcase name="@BeforeTest beforeTest" time="0.0" classname="com.cai.qa.bg.testBase.BaseTest">
    <ignored/>
  </testcase> <!-- @BeforeTest beforeTest -->
  <testcase name="@BeforeTest beforeTest" time="0.0" classname="com.cai.qa.bg.testBase.BaseTest">
    <ignored/>
  </testcase> <!-- @BeforeTest beforeTest -->
  <testcase name="@BeforeSuite beforeSuite" time="0.0" classname="com.cai.qa.bg.testBase.BaseTest">
    <ignored/>
  </testcase> <!-- @BeforeSuite beforeSuite -->
  <testcase name="@BeforeSuite beforeSuite" time="0.0" classname="com.cai.qa.bg.testBase.BaseTest">
    <ignored/>
  </testcase> <!-- @BeforeSuite beforeSuite -->
  <testcase name="@BeforeSuite beforeSuite" time="0.0" classname="com.cai.qa.bg.testBase.BaseTest">
    <ignored/>
  </testcase> <!-- @BeforeSuite beforeSuite -->
  <testcase name="@BeforeSuite beforeSuite" time="0.0" classname="com.cai.qa.bg.testBase.BaseTest">
    <ignored/>
  </testcase> <!-- @BeforeSuite beforeSuite -->
  <testcase name="@BeforeSuite beforeSuite" time="0.0" classname="com.cai.qa.bg.testBase.BaseTest">
    <ignored/>
  </testcase> <!-- @BeforeSuite beforeSuite -->
</testsuite> <!-- Test -->
