<?xml version="1.0" encoding="UTF-8"?>
<!-- Generated by org.testng.reporters.JUnitXMLReporter -->
<testsuite hostname="C4HSZY2" ignored="0" name="VerifyFooterLinks" tests="2" failures="0" timestamp="12 Dec 2019 10:06:54 GMT" time="51.398" errors="0">
  <testcase name="Launch" time="1.914" classname="com.cai.qa.bg.testScripts.BGG.VerifyFooterLinks"/>
  <testcase name="verifyFooterLinks" time="49.459" classname="com.cai.qa.bg.testScripts.BGG.VerifyFooterLinks"/>
</testsuite> <!-- VerifyFooterLinks -->
