<?xml version="1.0" encoding="UTF-8"?>
<!-- Generated by org.testng.reporters.JUnitXMLReporter -->
<testsuite hostname="C4HSZY2" ignored="0" name="VerifySearchFunctionality" tests="2" failures="0" timestamp="12 Dec 2019 10:07:03 GMT" time="8.811" errors="0">
  <testcase name="Launch" time="1.747" classname="com.cai.qa.bg.testScripts.BGG.VerifySearchFunctionality"/>
  <testcase name="verifySearch" time="7.038" classname="com.cai.qa.bg.testScripts.BGG.VerifySearchFunctionality"/>
</testsuite> <!-- VerifySearchFunctionality -->
