<?xml version="1.0" encoding="UTF-8"?>
<!-- Generated by org.testng.reporters.JUnitXMLReporter -->
<testsuite hostname="C4HSZY2" ignored="0" name="VerifyYoutubeVideoAndTabsAssociated" tests="4" failures="0" timestamp="12 Dec 2019 10:07:56 GMT" time="53.339" errors="0">
  <testcase name="Launch" time="3.262" classname="com.cai.qa.bg.testScripts.BGG.VerifyYoutubeVideoAndTabsAssociated"/>
  <testcase name="SelectDestination" time="17.554" classname="com.cai.qa.bg.testScripts.BGG.VerifyYoutubeVideoAndTabsAssociated"/>
  <testcase name="CheckAvailability" time="10.309" classname="com.cai.qa.bg.testScripts.BGG.VerifyYoutubeVideoAndTabsAssociated"/>
  <testcase name="VerifyAccordianTabs" time="22.183" classname="com.cai.qa.bg.testScripts.BGG.VerifyYoutubeVideoAndTabsAssociated"/>
</testsuite> <!-- VerifyYoutubeVideoAndTabsAssociated -->
