<?xml version="1.0" encoding="UTF-8"?>
<!-- Generated by org.testng.reporters.JUnitXMLReporter -->
<testsuite ignored="0" hostname="C4HSZY2" failures="0" tests="5" name="CreateBGGetawayPackage_Hotel" time="81.074" errors="0" timestamp="13 Dec 2019 13:02:16 GMT">
  <testcase classname="com.cai.qa.bg.testScripts.BGG.CreateBGGetawayPackage_Hotel" name="Launch" time="6.308"/>
  <testcase classname="com.cai.qa.bg.testScripts.BGG.CreateBGGetawayPackage_Hotel" name="SelectDestination" time="12.605"/>
  <testcase classname="com.cai.qa.bg.testScripts.BGG.CreateBGGetawayPackage_Hotel" name="CheckAvailability" time="19.045"/>
  <testcase classname="com.cai.qa.bg.testScripts.BGG.CreateBGGetawayPackage_Hotel" name="ConfirmAvailability" time="7.786"/>
  <testcase classname="com.cai.qa.bg.testScripts.BGG.CreateBGGetawayPackage_Hotel" name="EnterPersonalInformationnBookPackage" time="34.603"/>
</testsuite> <!-- CreateBGGetawayPackage_Hotel -->
