<?xml version="1.0" encoding="UTF-8"?>
<!-- Generated by org.testng.reporters.JUnitXMLReporter -->
<testsuite ignored="0" hostname="C4HSZY2" failures="0" tests="5" name="CreateBGGetawayPackage_Resort" time="73.474" errors="0" timestamp="13 Dec 2019 13:03:30 GMT">
  <testcase classname="com.cai.qa.bg.testScripts.BGG.CreateBGGetawayPackage_Resort" name="Launch" time="2.137"/>
  <testcase classname="com.cai.qa.bg.testScripts.BGG.CreateBGGetawayPackage_Resort" name="SelectDestination" time="7.885"/>
  <testcase classname="com.cai.qa.bg.testScripts.BGG.CreateBGGetawayPackage_Resort" name="CheckAvailability" time="18.763"/>
  <testcase classname="com.cai.qa.bg.testScripts.BGG.CreateBGGetawayPackage_Resort" name="ConfirmAvailability" time="4.708"/>
  <testcase classname="com.cai.qa.bg.testScripts.BGG.CreateBGGetawayPackage_Resort" name="EnterPersonalInformationnBookPackage" time="39.914"/>
</testsuite> <!-- CreateBGGetawayPackage_Resort -->
