<?xml version="1.0" encoding="UTF-8"?>
<!-- Generated by org.testng.reporters.JUnitXMLReporter -->
<testsuite ignored="0" hostname="C4HSZY2" failures="0" tests="2" name="VerifySearchFunctionality" time="16.524" errors="0" timestamp="13 Dec 2019 13:04:43 GMT">
  <testcase classname="com.cai.qa.bg.testScripts.BGG.VerifySearchFunctionality" name="Launch" time="2.08"/>
  <testcase classname="com.cai.qa.bg.testScripts.BGG.VerifySearchFunctionality" name="verifySearch" time="14.414"/>
</testsuite> <!-- VerifySearchFunctionality -->
