<?xml version="1.0" encoding="UTF-8"?>
<!-- Generated by org.testng.reporters.JUnitXMLReporter -->
<testsuite ignored="0" hostname="C4HSZY2" failures="0" tests="2" name="VerifyFooterLinks" time="47.958" errors="0" timestamp="13 Dec 2019 13:04:26 GMT">
  <testcase classname="com.cai.qa.bg.testScripts.BGG.VerifyFooterLinks" name="Launch" time="1.469"/>
  <testcase classname="com.cai.qa.bg.testScripts.BGG.VerifyFooterLinks" name="verifyFooterLinks" time="46.444"/>
</testsuite> <!-- VerifyFooterLinks -->
