<?xml version="1.0" encoding="UTF-8"?>
<!-- Generated by org.testng.reporters.JUnitXMLReporter -->
<testsuite ignored="0" hostname="C4HSZY2" failures="0" tests="4" name="VerifyYoutubeVideoAndTabsAssociated" time="54.317" errors="0" timestamp="13 Dec 2019 13:05:37 GMT">
  <testcase classname="com.cai.qa.bg.testScripts.BGG.VerifyYoutubeVideoAndTabsAssociated" name="Launch" time="3.981"/>
  <testcase classname="com.cai.qa.bg.testScripts.BGG.VerifyYoutubeVideoAndTabsAssociated" name="SelectDestination" time="18.055"/>
  <testcase classname="com.cai.qa.bg.testScripts.BGG.VerifyYoutubeVideoAndTabsAssociated" name="CheckAvailability" time="10.051"/>
  <testcase classname="com.cai.qa.bg.testScripts.BGG.VerifyYoutubeVideoAndTabsAssociated" name="VerifyAccordianTabs" time="22.197"/>
</testsuite> <!-- VerifyYoutubeVideoAndTabsAssociated -->
