<?xml version="1.0" encoding="UTF-8"?>
<!-- Generated by org.testng.reporters.JUnitXMLReporter -->
<testsuite ignored="0" hostname="C4HSZY2" failures="0" tests="2" name="VerifyHeaderLinks" time="8.454" errors="0" timestamp="13 Dec 2019 13:03:38 GMT">
  <testcase classname="com.cai.qa.bg.testScripts.BGG.VerifyHeaderLinks" name="Launch" time="2.236"/>
  <testcase classname="com.cai.qa.bg.testScripts.BGG.VerifyHeaderLinks" name="Verify_HeaderLinks" time="6.176"/>
</testsuite> <!-- VerifyHeaderLinks -->
